#
# There is insufficient memory for the Java Runtime Environment to continue.
# Native memory allocation (mmap) failed to map 24117248 bytes for committing reserved memory.
# Possible reasons:
#   The system is out of physical RAM or swap space
#   In 32 bit mode, the process size limit was hit
# Possible solutions:
#   Reduce memory load on the system
#   Increase physical memory or swap space
#   Check if swap backing store is full
#   Use 64 bit Java on a 64 bit OS
#   Decrease Java heap size (-Xmx/-Xms)
#   Decrease number of Java threads
#   Decrease Java thread stack sizes (-Xss)
#   Set larger code cache with -XX:ReservedCodeCacheSize=
# This output file may be truncated or incomplete.
#
#  Out of Memory Error (os_linux.cpp:2757), pid=19659, tid=0x752ffb40
#
# JRE version: OpenJDK Runtime Environment (8.0_252-b09) (build 1.8.0_252-8u252-b09-1~16.04-b09)
# Java VM: OpenJDK Server VM (25.252-b09 mixed mode linux-x86 )
# Failed to write core dump. Core dumps have been disabled. To enable core dumping, try "ulimit -c unlimited" before starting Java again
#

---------------  T H R E A D  ---------------

Current thread (0x75111000):  VMThread [stack: 0x7527f000,0x75300000] [id=19665]

Stack: [0x7527f000,0x75300000],  sp=0x752fea40,  free space=510k
Native frames: (J=compiled Java code, j=interpreted, Vv=VM code, C=native code)
V  [libjvm.so+0x8e6e94]
V  [libjvm.so+0x3ace86]
V  [libjvm.so+0x751c40]
V  [libjvm.so+0x748cf3]
V  [libjvm.so+0x7bdbbc]
V  [libjvm.so+0x7bebfb]
V  [libjvm.so+0x7bb6d0]
V  [libjvm.so+0x7bbf03]
V  [libjvm.so+0x774f15]
V  [libjvm.so+0x8e8ab9]
V  [libjvm.so+0x8edc56]
V  [libjvm.so+0x8ebd2a]
V  [libjvm.so+0x8ec3fb]
V  [libjvm.so+0x8eca8b]
V  [libjvm.so+0x74ec95]
C  [libpthread.so.0+0x6295]  start_thread+0xe5

VM_Operation (0xb63d2500): ParallelGCFailedAllocation, mode: safepoint, requested by thread 0xb6208800


---------------  P R O C E S S  ---------------

Java Threads: ( => current thread )
  0x75149800 JavaThread "Service Thread" daemon [_thread_blocked, id=19671, stack(0x74bca000,0x74c1b000)]
  0x75136800 JavaThread "C1 CompilerThread1" daemon [_thread_blocked, id=19670, stack(0x74c1b000,0x74c9c000)]
  0x75134800 JavaThread "C2 CompilerThread0" daemon [_thread_blocked, id=19669, stack(0x74c9c000,0x74d1d000)]
  0x75133000 JavaThread "Signal Dispatcher" daemon [_thread_blocked, id=19668, stack(0x74d1d000,0x74d6e000)]
  0x75119400 JavaThread "Finalizer" daemon [_thread_blocked, id=19667, stack(0x750af000,0x75100000)]
  0x75116800 JavaThread "Reference Handler" daemon [_thread_blocked, id=19666, stack(0x7522e000,0x7527f000)]
  0xb6208800 JavaThread "main" [_thread_blocked, id=19660, stack(0xb6387000,0xb63d8000)]

Other Threads:
=>0x75111000 VMThread [stack: 0x7527f000,0x75300000] [id=19665]
  0x7514b400 WatcherThread [stack: 0x74b49000,0x74bca000] [id=19672]

VM state:at safepoint (normal execution)

VM Mutex/Monitor currently owned by a thread:  ([mutex/lock_event])
[0xb6205c30] Threads_lock - owner thread: 0x75111000
[0xb6206040] Heap_lock - owner thread: 0xb6208800

Heap:
 PSYoungGen      total 29696K, used 3553K [0x97200000, 0x99480000, 0xa6e00000)
  eden space 24320K, 0% used [0x97200000,0x97200000,0x989c0000)
  from space 5376K, 66% used [0x989c0000,0x98d38618,0x98f00000)
  to   space 5120K, 0% used [0x98f00000,0x98f00000,0x99400000)
 ParOldGen       total 32768K, used 10913K [0x77a00000, 0x79a00000, 0x97200000)
  object space 32768K, 33% used [0x77a00000,0x784a86a8,0x79a00000)
 Metaspace       used 10970K, capacity 11298K, committed 11416K, reserved 11568K

Card table byte_map: [0x77885000,0x77a00000] byte_map_base: 0x774c8000

Marking Bits: (ParMarkBitMap*) 0xb7111a60
 Begin Bits: [0x75c60000, 0x76830000)
 End Bits:   [0x76830000, 0x77400000)

Polling page: 0xb7725000

CodeCache: size=245760Kb used=2912Kb max_used=2912Kb free=242847Kb
 bounds [0xa71ed000, 0xa74cd000, 0xb61ed000]
 total_blobs=1728 nmethods=1522 adapters=121
 compilation: enabled

Compilation events (10 events):
Event: 3694.548 Thread 0x75136800 1541       1       clojure.lang.RT::find (53 bytes)
Event: 3694.549 Thread 0x75136800 nmethod 1541 0xa74c3848 code [0xa74c39a0, 0xa74c3c04]
Event: 3694.549 Thread 0x75136800 1542       1       clojure.lang.APersistentMap::cons (135 bytes)
Event: 3694.551 Thread 0x75136800 nmethod 1542 0xa74c3d08 code [0xa74c3f20, 0xa74c4474]
Event: 3694.551 Thread 0x75136800 1544       1       clojure.core$integer_QMARK_::invokeStatic (155 bytes)
Event: 3694.552 Thread 0x75136800 nmethod 1544 0xa74c4888 code [0xa74c49c0, 0xa74c4be0]
Event: 3694.552 Thread 0x75136800 1543       1       clojure.core$complement$fn__4611::invoke (19 bytes)
Event: 3694.552 Thread 0x75136800 nmethod 1543 0xa74c4c48 code [0xa74c4d60, 0xa74c4e8c]
Event: 3694.622 Thread 0x75136800 1545       1       clojure.core$merge::getRequiredArity (2 bytes)
Event: 3694.622 Thread 0x75136800 nmethod 1545 0xa74c4f08 code [0xa74c5000, 0xa74c50a0]

GC Heap History (10 events):
Event: 6.394 GC heap after
Heap after GC invocations=2 (full 0):
 PSYoungGen      total 14336K, used 2040K [0x97200000, 0x98e00000, 0xa6e00000)
  eden space 12288K, 0% used [0x97200000,0x97200000,0x97e00000)
  from space 2048K, 99% used [0x98000000,0x981fe080,0x98200000)
  to   space 2048K, 0% used [0x97e00000,0x97e00000,0x98000000)
 ParOldGen       total 32768K, used 3088K [0x77a00000, 0x79a00000, 0x97200000)
  object space 32768K, 9% used [0x77a00000,0x77d04148,0x79a00000)
 Metaspace       used 5820K, capacity 5839K, committed 5912K, reserved 6448K
}
Event: 16.640 GC heap before
{Heap before GC invocations=3 (full 0):
 PSYoungGen      total 14336K, used 14328K [0x97200000, 0x98e00000, 0xa6e00000)
  eden space 12288K, 100% used [0x97200000,0x97e00000,0x97e00000)
  from space 2048K, 99% used [0x98000000,0x981fe080,0x98200000)
  to   space 2048K, 0% used [0x97e00000,0x97e00000,0x98000000)
 ParOldGen       total 32768K, used 3088K [0x77a00000, 0x79a00000, 0x97200000)
  object space 32768K, 9% used [0x77a00000,0x77d04148,0x79a00000)
 Metaspace       used 6565K, capacity 6607K, committed 6680K, reserved 7472K
Event: 16.678 GC heap after
Heap after GC invocations=3 (full 0):
 PSYoungGen      total 14336K, used 2044K [0x97200000, 0x98e00000, 0xa6e00000)
  eden space 12288K, 0% used [0x97200000,0x97200000,0x97e00000)
  from space 2048K, 99% used [0x97e00000,0x97fff118,0x98000000)
  to   space 2048K, 0% used [0x98c00000,0x98c00000,0x98e00000)
 ParOldGen       total 32768K, used 4751K [0x77a00000, 0x79a00000, 0x97200000)
  object space 32768K, 14% used [0x77a00000,0x77ea3c30,0x79a00000)
 Metaspace       used 6565K, capacity 6607K, committed 6680K, reserved 7472K
}
Event: 27.046 GC heap before
{Heap before GC invocations=4 (full 0):
 PSYoungGen      total 14336K, used 14332K [0x97200000, 0x98e00000, 0xa6e00000)
  eden space 12288K, 100% used [0x97200000,0x97e00000,0x97e00000)
  from space 2048K, 99% used [0x97e00000,0x97fff118,0x98000000)
  to   space 2048K, 0% used [0x98c00000,0x98c00000,0x98e00000)
 ParOldGen       total 32768K, used 4751K [0x77a00000, 0x79a00000, 0x97200000)
  object space 32768K, 14% used [0x77a00000,0x77ea3c30,0x79a00000)
 Metaspace       used 8608K, capacity 8656K, committed 8728K, reserved 9520K
Event: 27.080 GC heap after
Heap after GC invocations=4 (full 0):
 PSYoungGen      total 14336K, used 2040K [0x97200000, 0x98e00000, 0xa6e00000)
  eden space 12288K, 0% used [0x97200000,0x97200000,0x97e00000)
  from space 2048K, 99% used [0x98c00000,0x98dfe2a8,0x98e00000)
  to   space 2048K, 0% used [0x97e00000,0x97e00000,0x98000000)
 ParOldGen       total 32768K, used 7246K [0x77a00000, 0x79a00000, 0x97200000)
  object space 32768K, 22% used [0x77a00000,0x781138e8,0x79a00000)
 Metaspace       used 8608K, capacity 8656K, committed 8728K, reserved 9520K
}
Event: 28.571 GC heap before
{Heap before GC invocations=5 (full 0):
 PSYoungGen      total 14336K, used 14328K [0x97200000, 0x98e00000, 0xa6e00000)
  eden space 12288K, 100% used [0x97200000,0x97e00000,0x97e00000)
  from space 2048K, 99% used [0x98c00000,0x98dfe2a8,0x98e00000)
  to   space 2048K, 0% used [0x97e00000,0x97e00000,0x98000000)
 ParOldGen       total 32768K, used 7246K [0x77a00000, 0x79a00000, 0x97200000)
  object space 32768K, 22% used [0x77a00000,0x781138e8,0x79a00000)
 Metaspace       used 9364K, capacity 9426K, committed 9496K, reserved 9520K
Event: 28.596 GC heap after
Heap after GC invocations=5 (full 0):
 PSYoungGen      total 14336K, used 2038K [0x97200000, 0x99400000, 0xa6e00000)
  eden space 12288K, 0% used [0x97200000,0x97200000,0x97e00000)
  from space 2048K, 99% used [0x97e00000,0x97ffda98,0x98000000)
  to   space 5120K, 0% used [0x98f00000,0x98f00000,0x99400000)
 ParOldGen       total 32768K, used 9807K [0x77a00000, 0x79a00000, 0x97200000)
  object space 32768K, 29% used [0x77a00000,0x78393e70,0x79a00000)
 Metaspace       used 9364K, capacity 9426K, committed 9496K, reserved 9520K
}
Event: 33.720 GC heap before
{Heap before GC invocations=6 (full 0):
 PSYoungGen      total 14336K, used 14324K [0x97200000, 0x99400000, 0xa6e00000)
  eden space 12288K, 99% used [0x97200000,0x97dff950,0x97e00000)
  from space 2048K, 99% used [0x97e00000,0x97ffda98,0x98000000)
  to   space 5120K, 0% used [0x98f00000,0x98f00000,0x99400000)
 ParOldGen       total 32768K, used 9807K [0x77a00000, 0x79a00000, 0x97200000)
  object space 32768K, 29% used [0x77a00000,0x78393e70,0x79a00000)
 Metaspace       used 9574K, capacity 9714K, committed 9752K, reserved 10544K
Event: 34.264 GC heap after
Heap after GC invocations=6 (full 0):
 PSYoungGen      total 29440K, used 2402K [0x97200000, 0x99480000, 0xa6e00000)
  eden space 24320K, 0% used [0x97200000,0x97200000,0x989c0000)
  from space 5120K, 46% used [0x98f00000,0x99158b20,0x99400000)
  to   space 5376K, 0% used [0x989c0000,0x989c0000,0x98f00000)
 ParOldGen       total 32768K, used 9807K [0x77a00000, 0x79a00000, 0x97200000)
  object space 32768K, 29% used [0x77a00000,0x78393e70,0x79a00000)
 Metaspace       used 9574K, capacity 9714K, committed 9752K, reserved 10544K
}
Event: 4229.699 GC heap before
{Heap before GC invocations=7 (full 0):
 PSYoungGen      total 29440K, used 26722K [0x97200000, 0x99480000, 0xa6e00000)
  eden space 24320K, 100% used [0x97200000,0x989c0000,0x989c0000)
  from space 5120K, 46% used [0x98f00000,0x99158b20,0x99400000)
  to   space 5376K, 0% used [0x989c0000,0x989c0000,0x98f00000)
 ParOldGen       total 32768K, used 9807K [0x77a00000, 0x79a00000, 0x97200000)
  object space 32768K, 29% used [0x77a00000,0x78393e70,0x79a00000)
 Metaspace       used 10970K, capacity 11298K, committed 11416K, reserved 11568K

Deoptimization events (0 events):
No events

Classes redefined (0 events):
No events

Internal exceptions (8 events):
Event: 0.705 Thread 0xb6208800 Exception <a 'java/lang/NoSuchMethodError': Method sun.misc.Unsafe.defineClass(Ljava/lang/String;[BII)Ljava/lang/Class; name or signature does not match> (0x97206eb0) thrown at [/build/openjdk-8-V2gVR7/openjdk-8-8u252-b09/src/hotspot/src/share/vm/prims/jn
Event: 0.706 Thread 0xb6208800 Exception <a 'java/lang/NoSuchMethodError': Method sun.misc.Unsafe.prefetchRead(Ljava/lang/Object;J)V name or signature does not match> (0x97207180) thrown at [/build/openjdk-8-V2gVR7/openjdk-8-8u252-b09/src/hotspot/src/share/vm/prims/jni.cpp, line 4013]
Event: 3.926 Thread 0xb6208800 Exception <a 'java/security/PrivilegedActionException'> (0x9761d8c8) thrown at [/build/openjdk-8-V2gVR7/openjdk-8-8u252-b09/src/hotspot/src/share/vm/prims/jvm.cpp, line 1502]
Event: 3.941 Thread 0xb6208800 Exception <a 'java/security/PrivilegedActionException'> (0x9761dac8) thrown at [/build/openjdk-8-V2gVR7/openjdk-8-8u252-b09/src/hotspot/src/share/vm/prims/jvm.cpp, line 1502]
Event: 3.942 Thread 0xb6208800 Exception <a 'java/security/PrivilegedActionException'> (0x9761f908) thrown at [/build/openjdk-8-V2gVR7/openjdk-8-8u252-b09/src/hotspot/src/share/vm/prims/jvm.cpp, line 1502]
Event: 3.942 Thread 0xb6208800 Exception <a 'java/security/PrivilegedActionException'> (0x9761fb08) thrown at [/build/openjdk-8-V2gVR7/openjdk-8-8u252-b09/src/hotspot/src/share/vm/prims/jvm.cpp, line 1502]
Event: 3.942 Thread 0xb6208800 Exception <a 'java/security/PrivilegedActionException'> (0x97620540) thrown at [/build/openjdk-8-V2gVR7/openjdk-8-8u252-b09/src/hotspot/src/share/vm/prims/jvm.cpp, line 1502]
Event: 3.943 Thread 0xb6208800 Exception <a 'java/security/PrivilegedActionException'> (0x97620740) thrown at [/build/openjdk-8-V2gVR7/openjdk-8-8u252-b09/src/hotspot/src/share/vm/prims/jvm.cpp, line 1502]

Events (10 events):
Event: 4205.140 loading class org/apache/maven/model/building/DefaultModelBuilderFactory$StubLifecycleBindingsInjector done
Event: 4205.237 loading class org/apache/maven/model/plugin/LifecycleBindingsInjector
Event: 4205.237 loading class org/apache/maven/model/plugin/LifecycleBindingsInjector done
Event: 4221.770 loading class org/apache/maven/model/management/DefaultPluginManagementInjector
Event: 4221.770 loading class org/apache/maven/model/management/DefaultPluginManagementInjector done
Event: 4227.915 loading class org/apache/maven/model/management/PluginManagementInjector
Event: 4228.114 loading class org/apache/maven/model/management/PluginManagementInjector done
Event: 4229.405 loading class org/apache/maven/model/management/DefaultPluginManagementInjector$ManagementModelMerger
Event: 4229.405 loading class org/apache/maven/model/management/DefaultPluginManagementInjector$ManagementModelMerger done
Event: 4229.534 Executing VM operation: ParallelGCFailedAllocation


Dynamic libraries:
08048000-08049000 r-xp 00000000 08:03 1047130    /usr/lib/jvm/java-8-openjdk-i386/jre/bin/java
08049000-0804a000 r--p 00000000 08:03 1047130    /usr/lib/jvm/java-8-openjdk-i386/jre/bin/java
0804a000-0804b000 rw-p 00001000 08:03 1047130    /usr/lib/jvm/java-8-openjdk-i386/jre/bin/java
09370000-093dc000 rw-p 00000000 00:00 0          [heap]
73d00000-73de0000 rw-p 00000000 00:00 0 
73de0000-73e00000 ---p 00000000 00:00 0 
73e00000-73e4b000 rw-p 00000000 00:00 0 
73e4b000-73f00000 ---p 00000000 00:00 0 
73f00000-73f77000 rw-p 00000000 00:00 0 
73f77000-74000000 ---p 00000000 00:00 0 
74000000-74100000 rw-p 00000000 00:00 0 
74100000-74200000 rw-p 00000000 00:00 0 
74200000-74300000 rw-p 00000000 00:00 0 
74300000-743ff000 rw-p 00000000 00:00 0 
743ff000-74400000 ---p 00000000 00:00 0 
74400000-744fa000 rw-p 00000000 00:00 0 
744fa000-74500000 ---p 00000000 00:00 0 
74500000-74600000 rw-p 00000000 00:00 0 
74600000-74700000 rw-p 00000000 00:00 0 
74700000-74800000 rw-p 00000000 00:00 0 
74800000-748ff000 rw-p 00000000 00:00 0 
748ff000-74900000 ---p 00000000 00:00 0 
74989000-749b4000 r-xp 00000000 08:03 1044785    /usr/lib/jvm/java-8-openjdk-i386/jre/lib/i386/libsunec.so
749b4000-749b5000 ---p 0002b000 08:03 1044785    /usr/lib/jvm/java-8-openjdk-i386/jre/lib/i386/libsunec.so
749b5000-749b7000 r--p 0002b000 08:03 1044785    /usr/lib/jvm/java-8-openjdk-i386/jre/lib/i386/libsunec.so
749b7000-749b8000 rw-p 0002d000 08:03 1044785    /usr/lib/jvm/java-8-openjdk-i386/jre/lib/i386/libsunec.so
749b8000-749cf000 r-xp 00000000 08:03 1044795    /usr/lib/jvm/java-8-openjdk-i386/jre/lib/i386/libnet.so
749cf000-749d0000 r--p 00016000 08:03 1044795    /usr/lib/jvm/java-8-openjdk-i386/jre/lib/i386/libnet.so
749d0000-749d1000 rw-p 00017000 08:03 1044795    /usr/lib/jvm/java-8-openjdk-i386/jre/lib/i386/libnet.so
749d1000-749e2000 r-xp 00000000 08:03 1044790    /usr/lib/jvm/java-8-openjdk-i386/jre/lib/i386/libnio.so
749e2000-749e3000 r--p 00010000 08:03 1044790    /usr/lib/jvm/java-8-openjdk-i386/jre/lib/i386/libnio.so
749e3000-749e4000 rw-p 00011000 08:03 1044790    /usr/lib/jvm/java-8-openjdk-i386/jre/lib/i386/libnio.so
749e4000-74acf000 r--s 00bff000 08:03 960807     /home/freebz/.lein/self-installs/leiningen-2.8.1-standalone.jar
74acf000-74b49000 r--s 01103000 08:03 1047910    /usr/lib/jvm/java-8-openjdk-i386/jre/lib/ext/tools.jar
74b49000-74b4a000 ---p 00000000 00:00 0 
74b4a000-74bca000 rw-p 00000000 00:00 0          [stack:19672]
74bca000-74bcd000 ---p 00000000 00:00 0 
74bcd000-74c1b000 rw-p 00000000 00:00 0          [stack:19671]
74c1b000-74c1e000 ---p 00000000 00:00 0 
74c1e000-74c9c000 rw-p 00000000 00:00 0          [stack:19670]
74c9c000-74c9f000 ---p 00000000 00:00 0 
74c9f000-74d1d000 rw-p 00000000 00:00 0          [stack:19669]
74d1d000-74d20000 ---p 00000000 00:00 0 
74d20000-74d6e000 rw-p 00000000 00:00 0          [stack:19668]
74d6e000-74eaf000 r--p 002d7000 08:03 914512     /usr/lib/locale/locale-archive
74eaf000-750af000 r--p 00000000 08:03 914512     /usr/lib/locale/locale-archive
750af000-750b2000 ---p 00000000 00:00 0 
750b2000-75100000 rw-p 00000000 00:00 0          [stack:19667]
75100000-75200000 rw-p 00000000 00:00 0 
75204000-7522e000 rw-p 00000000 00:00 0 
7522e000-75231000 ---p 00000000 00:00 0 
75231000-7527f000 rw-p 00000000 00:00 0          [stack:19666]
7527f000-75280000 ---p 00000000 00:00 0 
75280000-7534e000 rw-p 00000000 00:00 0          [stack:19665]
7534e000-75520000 r--s 03ca5000 08:03 1044834    /usr/lib/jvm/java-8-openjdk-i386/jre/lib/rt.jar
75520000-75966000 rw-p 00000000 00:00 0 
75966000-7596c000 ---p 00000000 00:00 0 
7596c000-77400000 rw-p 00000000 00:00 0 
77400000-774ff000 rw-p 00000000 00:00 0 
774ff000-77500000 ---p 00000000 00:00 0 
77509000-77524000 r--s 00394000 08:03 1044855    /usr/lib/jvm/java-8-openjdk-i386/jre/lib/ext/cldrdata.jar
77524000-7757f000 rw-p 00000000 00:00 0 
7757f000-77580000 ---p 00000000 00:00 0 
77580000-77600000 rw-p 00000000 00:00 0          [stack:19662]
77600000-77621000 rw-p 00000000 00:00 0 
77621000-77700000 ---p 00000000 00:00 0 
77703000-77708000 r--s 000a7000 08:03 1044837    /usr/lib/jvm/java-8-openjdk-i386/jre/lib/jsse.jar
77708000-77709000 ---p 00000000 00:00 0 
77709000-77799000 rw-p 00000000 00:00 0          [stack:19661]
77799000-77885000 ---p 00000000 00:00 0 
77885000-77895000 rw-p 00000000 00:00 0 
77895000-77981000 ---p 00000000 00:00 0 
77981000-77993000 rw-p 00000000 00:00 0 
77993000-779ff000 ---p 00000000 00:00 0 
779ff000-79a00000 rw-p 00000000 00:00 0 
79a00000-97200000 ---p 00000000 00:00 0 
97200000-99480000 rw-p 00000000 00:00 0 
9ab52000-9ab59000 r--s 00000000 08:03 928600     /usr/lib/i386-linux-gnu/gconv/gconv-modules.cache
9ab59000-9ab80000 r--p 00000000 08:03 6781       /usr/share/locale-langpack/ko/LC_MESSAGES/libc.mo
9ab80000-a6e00000 ---p 00000000 00:00 0 
a6e00000-a6e1b000 r--s 001d6000 08:03 1044848    /usr/lib/jvm/java-8-openjdk-i386/jre/lib/ext/nashorn.jar
a6e1b000-a6e39000 rw-p 00000000 00:00 0 
a6e39000-a71ed000 ---p 00000000 00:00 0 
a71ed000-a74cd000 rwxp 00000000 00:00 0 
a74cd000-b61ed000 ---p 00000000 00:00 0 
b61ed000-b61f8000 r-xp 00000000 08:03 425236     /lib/i386-linux-gnu/libnss_files-2.23.so
b61f8000-b61f9000 r--p 0000a000 08:03 425236     /lib/i386-linux-gnu/libnss_files-2.23.so
b61f9000-b61fa000 rw-p 0000b000 08:03 425236     /lib/i386-linux-gnu/libnss_files-2.23.so
b61fa000-b6200000 rw-p 00000000 00:00 0 
b6200000-b62f9000 rw-p 00000000 00:00 0 
b62f9000-b6300000 ---p 00000000 00:00 0 
b6301000-b6303000 r--s 00016000 08:03 1044816    /usr/lib/jvm/java-8-openjdk-i386/jre/lib/jce.jar
b6303000-b6306000 r--s 0000f000 08:03 1044856    /usr/lib/jvm/java-8-openjdk-i386/jre/lib/ext/icedtea-sound.jar
b6306000-b6310000 r--s 00116000 08:03 1044852    /usr/lib/jvm/java-8-openjdk-i386/jre/lib/ext/localedata.jar
b6310000-b631b000 r-xp 00000000 08:03 408091     /lib/i386-linux-gnu/libnss_nis-2.23.so
b631b000-b631c000 r--p 0000a000 08:03 408091     /lib/i386-linux-gnu/libnss_nis-2.23.so
b631c000-b631d000 rw-p 0000b000 08:03 408091     /lib/i386-linux-gnu/libnss_nis-2.23.so
b631d000-b6334000 r-xp 00000000 08:03 419421     /lib/i386-linux-gnu/libnsl-2.23.so
b6334000-b6335000 r--p 00016000 08:03 419421     /lib/i386-linux-gnu/libnsl-2.23.so
b6335000-b6336000 rw-p 00017000 08:03 419421     /lib/i386-linux-gnu/libnsl-2.23.so
b6336000-b6338000 rw-p 00000000 00:00 0 
b6339000-b633a000 r--s 0000d000 08:03 1044849    /usr/lib/jvm/java-8-openjdk-i386/jre/lib/ext/sunec.jar
b633a000-b6340000 r--s 0003d000 08:03 1044847    /usr/lib/jvm/java-8-openjdk-i386/jre/lib/ext/sunjce_provider.jar
b6340000-b6341000 r--s 0000a000 08:03 1044854    /usr/lib/jvm/java-8-openjdk-i386/jre/lib/ext/jaccess.jar
b6341000-b6345000 r--s 0003a000 08:03 1044858    /usr/lib/jvm/java-8-openjdk-i386/jre/lib/ext/sunpkcs11.jar
b6345000-b634d000 r-xp 00000000 08:03 1044780    /usr/lib/jvm/java-8-openjdk-i386/jre/lib/i386/libzip.so
b634d000-b634e000 r--p 00007000 08:03 1044780    /usr/lib/jvm/java-8-openjdk-i386/jre/lib/i386/libzip.so
b634e000-b634f000 rw-p 00008000 08:03 1044780    /usr/lib/jvm/java-8-openjdk-i386/jre/lib/i386/libzip.so
b634f000-b6357000 rw-s 00000000 08:03 147317     /tmp/hsperfdata_freebz/19659
b6357000-b637c000 r-xp 00000000 08:03 1044773    /usr/lib/jvm/java-8-openjdk-i386/jre/lib/i386/libjava.so
b637c000-b637d000 r--p 00024000 08:03 1044773    /usr/lib/jvm/java-8-openjdk-i386/jre/lib/i386/libjava.so
b637d000-b637e000 rw-p 00025000 08:03 1044773    /usr/lib/jvm/java-8-openjdk-i386/jre/lib/i386/libjava.so
b637e000-b6385000 r-xp 00000000 08:03 406750     /lib/i386-linux-gnu/librt-2.23.so
b6385000-b6386000 r--p 00006000 08:03 406750     /lib/i386-linux-gnu/librt-2.23.so
b6386000-b6387000 rw-p 00007000 08:03 406750     /lib/i386-linux-gnu/librt-2.23.so
b6387000-b638a000 ---p 00000000 00:00 0 
b638a000-b63d8000 rw-p 00000000 00:00 0          [stack:19660]
b63d8000-b63f4000 r-xp 00000000 08:03 416237     /lib/i386-linux-gnu/libgcc_s.so.1
b63f4000-b63f5000 rw-p 0001b000 08:03 416237     /lib/i386-linux-gnu/libgcc_s.so.1
b63f5000-b6448000 r-xp 00000000 08:03 431912     /lib/i386-linux-gnu/libm-2.23.so
b6448000-b6449000 r--p 00052000 08:03 431912     /lib/i386-linux-gnu/libm-2.23.so
b6449000-b644a000 rw-p 00053000 08:03 431912     /lib/i386-linux-gnu/libm-2.23.so
b644a000-b65b7000 r-xp 00000000 08:03 917991     /usr/lib/i386-linux-gnu/libstdc++.so.6.0.21
b65b7000-b65b8000 ---p 0016d000 08:03 917991     /usr/lib/i386-linux-gnu/libstdc++.so.6.0.21
b65b8000-b65bd000 r--p 0016d000 08:03 917991     /usr/lib/i386-linux-gnu/libstdc++.so.6.0.21
b65bd000-b65be000 rw-p 00172000 08:03 917991     /usr/lib/i386-linux-gnu/libstdc++.so.6.0.21
b65be000-b65c1000 rw-p 00000000 00:00 0 
b65c1000-b70a5000 r-xp 00000000 08:03 1044774    /usr/lib/jvm/java-8-openjdk-i386/jre/lib/i386/server/libjvm.so
b70a5000-b70a6000 ---p 00ae4000 08:03 1044774    /usr/lib/jvm/java-8-openjdk-i386/jre/lib/i386/server/libjvm.so
b70a6000-b70ec000 r--p 00ae4000 08:03 1044774    /usr/lib/jvm/java-8-openjdk-i386/jre/lib/i386/server/libjvm.so
b70ec000-b7103000 rw-p 00b2a000 08:03 1044774    /usr/lib/jvm/java-8-openjdk-i386/jre/lib/i386/server/libjvm.so
b7103000-b7523000 rw-p 00000000 00:00 0 
b7523000-b753c000 r-xp 00000000 08:03 407907     /lib/i386-linux-gnu/libpthread-2.23.so
b753c000-b753d000 r--p 00018000 08:03 407907     /lib/i386-linux-gnu/libpthread-2.23.so
b753d000-b753e000 rw-p 00019000 08:03 407907     /lib/i386-linux-gnu/libpthread-2.23.so
b753e000-b7540000 rw-p 00000000 00:00 0 
b7540000-b7543000 r-xp 00000000 08:03 407347     /lib/i386-linux-gnu/libdl-2.23.so
b7543000-b7544000 r--p 00002000 08:03 407347     /lib/i386-linux-gnu/libdl-2.23.so
b7544000-b7545000 rw-p 00003000 08:03 407347     /lib/i386-linux-gnu/libdl-2.23.so
b7545000-b7546000 rw-p 00000000 00:00 0 
b7546000-b755f000 r-xp 00000000 08:03 405641     /lib/i386-linux-gnu/libz.so.1.2.8
b755f000-b7560000 r--p 00018000 08:03 405641     /lib/i386-linux-gnu/libz.so.1.2.8
b7560000-b7561000 rw-p 00019000 08:03 405641     /lib/i386-linux-gnu/libz.so.1.2.8
b7561000-b7711000 r-xp 00000000 08:03 431868     /lib/i386-linux-gnu/libc-2.23.so
b7711000-b7713000 r--p 001af000 08:03 431868     /lib/i386-linux-gnu/libc-2.23.so
b7713000-b7714000 rw-p 001b1000 08:03 431868     /lib/i386-linux-gnu/libc-2.23.so
b7714000-b7717000 rw-p 00000000 00:00 0 
b7717000-b7719000 r--s 00001000 08:03 1044850    /usr/lib/jvm/java-8-openjdk-i386/jre/lib/ext/dnsns.jar
b7719000-b771a000 r--s 00010000 08:03 1044857    /usr/lib/jvm/java-8-openjdk-i386/jre/lib/ext/zipfs.jar
b771a000-b7722000 r-xp 00000000 08:03 431893     /lib/i386-linux-gnu/libnss_compat-2.23.so
b7722000-b7723000 r--p 00007000 08:03 431893     /lib/i386-linux-gnu/libnss_compat-2.23.so
b7723000-b7724000 rw-p 00008000 08:03 431893     /lib/i386-linux-gnu/libnss_compat-2.23.so
b7724000-b7725000 rw-p 00000000 00:00 0 
b7725000-b7726000 ---p 00000000 00:00 0 
b7726000-b7734000 r-xp 00000000 08:03 1044806    /usr/lib/jvm/java-8-openjdk-i386/jre/lib/i386/libverify.so
b7734000-b7735000 r--p 0000d000 08:03 1044806    /usr/lib/jvm/java-8-openjdk-i386/jre/lib/i386/libverify.so
b7735000-b7736000 rw-p 0000e000 08:03 1044806    /usr/lib/jvm/java-8-openjdk-i386/jre/lib/i386/libverify.so
b7736000-b7743000 r-xp 00000000 08:03 1044772    /usr/lib/jvm/java-8-openjdk-i386/jre/lib/i386/jli/libjli.so
b7743000-b7744000 r--p 0000c000 08:03 1044772    /usr/lib/jvm/java-8-openjdk-i386/jre/lib/i386/jli/libjli.so
b7744000-b7745000 rw-p 0000d000 08:03 1044772    /usr/lib/jvm/java-8-openjdk-i386/jre/lib/i386/jli/libjli.so
b7745000-b7746000 rw-p 00000000 00:00 0 
b7746000-b7747000 r-xp 00000000 00:00 0          [vdso]
b7747000-b776a000 r-xp 00000000 08:03 407378     /lib/i386-linux-gnu/ld-2.23.so
b776a000-b776b000 r--p 00022000 08:03 407378     /lib/i386-linux-gnu/ld-2.23.so
b776b000-b776c000 rw-p 00023000 08:03 407378     /lib/i386-linux-gnu/ld-2.23.so
bf8ec000-bf8ed000 rwxp 00000000 00:00 0 
bf91e000-bf940000 rw-p 00000000 00:00 0          [stack]

VM Arguments:
jvm_args: -Dfile.encoding=UTF-8 -Dmaven.wagon.http.ssl.easy=false -Dmaven.wagon.rto=10000 -Xverify:none -XX:+TieredCompilation -XX:TieredStopAtLevel=1 -Dleiningen.original.pwd=/home/freebz/work/LIVING CLOJURE/ch07/cheshire-cat -Dleiningen.script=/bin/lein 
java_command: clojure.main -m leiningen.core.main cljsbuild auto
java_class_path (initial): /home/freebz/.lein/self-installs/leiningen-2.8.1-standalone.jar
Launcher Type: SUN_STANDARD

Environment Variables:
CLASSPATH=/home/freebz/.lein/self-installs/leiningen-2.8.1-standalone.jar
PATH=/home/freebz/perl5/bin:/home/freebz/rakudo/install/bin/:/home/freebz/rakudo/install/share/perl6/site/bin:/home/freebz/perl5/bin:/home/freebz/.sdkman/candidates/springboot/current/bin:/home/freebz/.sdkman/candidates/kotlin/current/bin:/home/freebz/.sdkman/candidates/gradle/current/bin:/home/freebz/rakudo/install/bin/:/home/freebz/rakudo/install/share/perl6/site/bin:/usr/local/sbin:/usr/local/bin:/usr/sbin:/usr/bin:/sbin:/bin:/usr/games:/usr/local/games:/home/freebz/.rvm/bin:/usr/local/go/bin:/home/freebz/go/bin:/home/freebz/.rvm/bin:/usr/local/go/bin:/home/freebz/go/bin:/home/freebz/.rvm/bin
SHELL=/usr/bin/zsh

Signal Handlers:
SIGSEGV: [libjvm.so+0x8e79d0], sa_mask[0]=11111111011111111101111111111110, sa_flags=SA_RESTART|SA_SIGINFO
SIGBUS: [libjvm.so+0x8e79d0], sa_mask[0]=11111111011111111101111111111110, sa_flags=SA_RESTART|SA_SIGINFO
SIGFPE: [libjvm.so+0x74c6f0], sa_mask[0]=11111111011111111101111111111110, sa_flags=SA_RESTART|SA_SIGINFO
SIGPIPE: [libjvm.so+0x74c6f0], sa_mask[0]=11111111011111111101111111111110, sa_flags=SA_RESTART|SA_SIGINFO
SIGXFSZ: [libjvm.so+0x74c6f0], sa_mask[0]=11111111011111111101111111111110, sa_flags=SA_RESTART|SA_SIGINFO
SIGILL: [libjvm.so+0x74c6f0], sa_mask[0]=11111111011111111101111111111110, sa_flags=SA_RESTART|SA_SIGINFO
SIGUSR1: SIG_DFL, sa_mask[0]=00000000000000000000000000000000, sa_flags=none
SIGUSR2: [libjvm.so+0x74c530], sa_mask[0]=00000000000000000000000000000000, sa_flags=SA_RESTART|SA_SIGINFO
SIGHUP: [libjvm.so+0x74ce60], sa_mask[0]=11111111011111111101111111111110, sa_flags=SA_RESTART|SA_SIGINFO
SIGINT: [libjvm.so+0x74ce60], sa_mask[0]=11111111011111111101111111111110, sa_flags=SA_RESTART|SA_SIGINFO
SIGTERM: [libjvm.so+0x74ce60], sa_mask[0]=11111111011111111101111111111110, sa_flags=SA_RESTART|SA_SIGINFO
SIGQUIT: [libjvm.so+0x74ce60], sa_mask[0]=11111111011111111101111111111110, sa_flags=SA_RESTART|SA_SIGINFO


---------------  S Y S T E M  ---------------

OS:DISTRIB_ID=Ubuntu
DISTRIB_RELEASE=16.04
DISTRIB_CODENAME=xenial
DISTRIB_DESCRIPTION="Ubuntu 16.04.6 LTS"

uname:Linux 3.13.0-88-generic #135-Ubuntu SMP Wed Jun 8 21:10:37 UTC 2016 i686
libc:glibc 2.23 NPTL 2.23 
rlimit: STACK 8192k, CORE 0k, NPROC 23919, NOFILE 1048576, AS infinity
load average:22.95 27.00 33.91

/proc/meminfo:
MemTotal:        3092772 kB
MemFree:          172072 kB
Buffers:             220 kB
Cached:           153280 kB
SwapCached:        27772 kB
Active:          2058208 kB
Inactive:         771248 kB
Active(anon):    2057228 kB
Inactive(anon):   762280 kB
Active(file):        980 kB
Inactive(file):     8968 kB
Unevictable:          32 kB
Mlocked:              32 kB
HighTotal:       2222472 kB
HighFree:          28104 kB
LowTotal:         870300 kB
LowFree:          143968 kB
SwapTotal:       1000444 kB
SwapFree:              0 kB
Dirty:                84 kB
Writeback:             0 kB
AnonPages:       2648428 kB
Mapped:            12600 kB
Shmem:            143560 kB
Slab:              44456 kB
SReclaimable:      18844 kB
SUnreclaim:        25612 kB
KernelStack:        6080 kB
PageTables:        21004 kB
NFS_Unstable:          0 kB
Bounce:                0 kB
WritebackTmp:          0 kB
CommitLimit:     2546828 kB
Committed_AS:    8854924 kB
VmallocTotal:     122880 kB
VmallocUsed:       13580 kB
VmallocChunk:      79584 kB
HardwareCorrupted:     0 kB
AnonHugePages:   1622016 kB
HugePages_Total:       0
HugePages_Free:        0
HugePages_Rsvd:        0
HugePages_Surp:        0
Hugepagesize:       2048 kB
DirectMap4k:       40952 kB
DirectMap2M:      872448 kB

container (cgroup) information:
container_type: cgroupv1
cpu_cpuset_cpus: 0-1
cpu_memory_nodes: 0
active_processor_count: 2
cpu_quota: -1
cpu_period: 100000
cpu_shares: -1
memory_limit_in_bytes: -1
memory_and_swap_limit_in_bytes: -2
memory_soft_limit_in_bytes: -1
memory_usage_in_bytes: 2895257600
memory_max_usage_in_bytes: 0


CPU:total 2 (initial active 2) (2 cores per cpu, 1 threads per core) family 6 model 14 stepping 12, cmov, cx8, fxsr, mmx, sse, sse2, sse3, tsc

/proc/cpuinfo:
processor	: 0
vendor_id	: GenuineIntel
cpu family	: 6
model		: 14
model name	: Intel(R) Core(TM) Duo CPU      U2500  @ 1.20GHz
stepping	: 12
microcode	: 0x54
cpu MHz		: 800.000
cache size	: 2048 KB
physical id	: 0
siblings	: 2
core id		: 0
cpu cores	: 2
apicid		: 0
initial apicid	: 0
fdiv_bug	: no
f00f_bug	: no
coma_bug	: no
fpu		: yes
fpu_exception	: yes
cpuid level	: 10
wp		: yes
flags		: fpu vme de pse tsc msr pae mce cx8 apic sep mtrr pge mca cmov clflush dts acpi mmx fxsr sse sse2 ss ht tm pbe nx constant_tsc arch_perfmon bts aperfmperf pni monitor vmx est tm2 xtpr pdcm dtherm
bogomips	: 2394.07
clflush size	: 64
cache_alignment	: 64
address sizes	: 32 bits physical, 32 bits virtual
power management:

processor	: 1
vendor_id	: GenuineIntel
cpu family	: 6
model		: 14
model name	: Intel(R) Core(TM) Duo CPU      U2500  @ 1.20GHz
stepping	: 12
microcode	: 0x54
cpu MHz		: 800.000
cache size	: 2048 KB
physical id	: 0
siblings	: 2
core id		: 1
cpu cores	: 2
apicid		: 1
initial apicid	: 1
fdiv_bug	: no
f00f_bug	: no
coma_bug	: no
fpu		: yes
fpu_exception	: yes
cpuid level	: 10
wp		: yes
flags		: fpu vme de pse tsc msr pae mce cx8 apic sep mtrr pge mca cmov clflush dts acpi mmx fxsr sse sse2 ss ht tm pbe nx constant_tsc arch_perfmon bts aperfmperf pni monitor vmx est tm2 xtpr pdcm dtherm
bogomips	: 2394.07
clflush size	: 64
cache_alignment	: 64
address sizes	: 32 bits physical, 32 bits virtual
power management:



Memory: 4k page, physical 3092772k(167700k free), swap 1000444k(0k free)

vm_info: OpenJDK Server VM (25.252-b09) for linux-x86 JRE (1.8.0_252-8u252-b09-1~16.04-b09), built on Apr 15 2020 21:25:10 by "buildd" with gcc 5.4.0 20160609

time: Wed May 13 17:14:19 2020
timezone: KST
elapsed time: 4258 seconds (0d 1h 10m 58s)

